java.net.preferIPv4Stack=true
Considering minecraft server jar
Downloading minecraft server version 1.12.2
  ETag: 71728ed3fbd0acd1394bf3ade2649a5c
  MD5:  71728ed3fbd0acd1394bf3ade2649a5c
Considering library net.minecraftforge:forge:1.12.2-14.23.5.2838: Not Downloading {Wrong Side}
Considering library net.minecraft:launchwrapper:1.12
Considering library org.ow2.asm:asm-all:5.2
Considering library org.jline:jline:3.5.1
Considering library net.java.dev.jna:jna:4.4.0
Considering library com.typesafe.akka:akka-actor_2.11:2.3.3
Considering library com.typesafe:config:1.2.1
Considering library org.scala-lang:scala-actors-migration_2.11:1.1.0
Considering library org.scala-lang:scala-compiler:2.11.1
Considering library org.scala-lang.plugins:scala-continuations-library_2.11:1.0.2
Considering library org.scala-lang.plugins:scala-continuations-plugin_2.11.1:1.0.2
Considering library org.scala-lang:scala-library:2.11.1
Considering library org.scala-lang:scala-parser-combinators_2.11:1.0.1
Considering library org.scala-lang:scala-reflect:2.11.1
Considering library org.scala-lang:scala-swing_2.11:1.0.1
Considering library org.scala-lang:scala-xml_2.11:1.0.2
Considering library lzma:lzma:0.0.1
Considering library net.sf.jopt-simple:jopt-simple:5.0.3
Considering library java3d:vecmath:1.5.2
Considering library net.sf.trove4j:trove4j:3.0.3
Considering library org.apache.maven:maven-artifact:3.5.3
Extracting: /forge-1.12.2-14.23.5.2838-universal.jar
To:          E:\AMENO Minecraft 1.12 Server\server files\forge-1.12.2-14.23.5.2838-universal.jar
